

Version:	3.5
CmdLine:	D:\Documents\‚±‚¤‚«\yk-lab\javascript-minify-compress\jsmc.exe --l4j-debug
WOW64:		yes
Working dir:	D:\Documents\‚±‚¤‚«\yk-lab\javascript-minify-compress\.
64-bit search:	SOFTWARE\JavaSoft\Java Runtime Environment...
Check:		SOFTWARE\JavaSoft\Java Runtime Environment\1.7
Ignore:		1.7
Check:		SOFTWARE\JavaSoft\Java Runtime Environment\1.7.0_25
Check launcher:	C:\Program Files\Java\jre7\bin\javaw.exe (OK)
Match:		1.7.0_25
64-bit search:	SOFTWARE\JavaSoft\Java Development Kit...
Check:		SOFTWARE\JavaSoft\Java Development Kit\1.8
Check launcher:	C:\Program Files\Java\jdk1.8.0_20\jre\bin\javaw.exe (OK)
Match:		1.8
Check:		SOFTWARE\JavaSoft\Java Development Kit\1.8.0_20
Check launcher:	C:\Program Files\Java\jdk1.8.0_20\jre\bin\javaw.exe (OK)
Match:		1.8.0_20
Runtime used:	1.8.0_20 (64-bit)
Launcher:	C:\Program Files\Java\jdk1.8.0_20\jre\bin\javaw.exe
Launcher args:	-jar "D:\Documents\‚±‚¤‚«\yk-lab\javascript-minify-compress\jsmc.exe"
Args length:	69/32768 chars
Exit code:	0


Version:	3.5
CmdLine:	D:\Documents\‚±‚¤‚«\yk-lab\javascript-minify-compress\jsmc.exe --l4j-debug
WOW64:		yes
Working dir:	D:\Documents\‚±‚¤‚«\yk-lab\javascript-minify-compress\.
64-bit search:	SOFTWARE\JavaSoft\Java Runtime Environment...
Check:		SOFTWARE\JavaSoft\Java Runtime Environment\1.7
Ignore:		1.7
Check:		SOFTWARE\JavaSoft\Java Runtime Environment\1.7.0_25
Check launcher:	C:\Program Files\Java\jre7\bin\javaw.exe (OK)
Match:		1.7.0_25
64-bit search:	SOFTWARE\JavaSoft\Java Development Kit...
Check:		SOFTWARE\JavaSoft\Java Development Kit\1.8
Check launcher:	C:\Program Files\Java\jdk1.8.0_20\jre\bin\javaw.exe (OK)
Match:		1.8
Check:		SOFTWARE\JavaSoft\Java Development Kit\1.8.0_20
Check launcher:	C:\Program Files\Java\jdk1.8.0_20\jre\bin\javaw.exe (OK)
Match:		1.8.0_20
Runtime used:	1.8.0_20 (64-bit)
Launcher:	C:\Program Files\Java\jdk1.8.0_20\jre\bin\javaw.exe
Launcher args:	-jar "D:\Documents\‚±‚¤‚«\yk-lab\javascript-minify-compress\jsmc.exe"
Args length:	69/32768 chars
Exit code:	0


Version:	3.5
CmdLine:	D:\Documents\‚±‚¤‚«\yk-lab\javascript-minify-compress\jsmc.exe --l4j-debug
WOW64:		yes
Working dir:	D:\Documents\‚±‚¤‚«\yk-lab\javascript-minify-compress\.
64-bit search:	SOFTWARE\JavaSoft\Java Runtime Environment...
Check:		SOFTWARE\JavaSoft\Java Runtime Environment\1.7
Ignore:		1.7
Check:		SOFTWARE\JavaSoft\Java Runtime Environment\1.7.0_25
Check launcher:	C:\Program Files\Java\jre7\bin\javaw.exe (OK)
Match:		1.7.0_25
64-bit search:	SOFTWARE\JavaSoft\Java Development Kit...
Check:		SOFTWARE\JavaSoft\Java Development Kit\1.8
Check launcher:	C:\Program Files\Java\jdk1.8.0_20\jre\bin\javaw.exe (OK)
Match:		1.8
Check:		SOFTWARE\JavaSoft\Java Development Kit\1.8.0_20
Check launcher:	C:\Program Files\Java\jdk1.8.0_20\jre\bin\javaw.exe (OK)
Match:		1.8.0_20
Runtime used:	1.8.0_20 (64-bit)
Launcher:	C:\Program Files\Java\jdk1.8.0_20\jre\bin\javaw.exe
Launcher args:	-jar "D:\Documents\‚±‚¤‚«\yk-lab\javascript-minify-compress\jsmc.exe"
Args length:	69/32768 chars
Exit code:	0


Version:	3.5
CmdLine:	D:\Documents\‚±‚¤‚«\yk-lab\javascript-minify-compress\jsmc.exe --l4j-debug
WOW64:		yes
Working dir:	D:\Documents\‚±‚¤‚«\yk-lab\javascript-minify-compress\.
64-bit search:	SOFTWARE\JavaSoft\Java Runtime Environment...
Check:		SOFTWARE\JavaSoft\Java Runtime Environment\1.7
Ignore:		1.7
Check:		SOFTWARE\JavaSoft\Java Runtime Environment\1.7.0_25
Check launcher:	C:\Program Files\Java\jre7\bin\javaw.exe (OK)
Match:		1.7.0_25
64-bit search:	SOFTWARE\JavaSoft\Java Development Kit...
Check:		SOFTWARE\JavaSoft\Java Development Kit\1.8
Check launcher:	C:\Program Files\Java\jdk1.8.0_20\jre\bin\javaw.exe (OK)
Match:		1.8
Check:		SOFTWARE\JavaSoft\Java Development Kit\1.8.0_20
Check launcher:	C:\Program Files\Java\jdk1.8.0_20\jre\bin\javaw.exe (OK)
Match:		1.8.0_20
Runtime used:	1.8.0_20 (64-bit)
Launcher:	C:\Program Files\Java\jdk1.8.0_20\jre\bin\javaw.exe
Launcher args:	-jar "D:\Documents\‚±‚¤‚«\yk-lab\javascript-minify-compress\jsmc.exe"
Args length:	69/32768 chars
Exit code:	0


Version:	3.5
CmdLine:	D:\Documents\‚±‚¤‚«\yk-lab\javascript-minify-compress\jsmc.exe --l4j-debug
WOW64:		yes
Working dir:	D:\Documents\‚±‚¤‚«\yk-lab\javascript-minify-compress\.
64-bit search:	SOFTWARE\JavaSoft\Java Runtime Environment...
Check:		SOFTWARE\JavaSoft\Java Runtime Environment\1.7
Ignore:		1.7
Check:		SOFTWARE\JavaSoft\Java Runtime Environment\1.7.0_25
Check launcher:	C:\Program Files\Java\jre7\bin\javaw.exe (OK)
Match:		1.7.0_25
64-bit search:	SOFTWARE\JavaSoft\Java Development Kit...
Check:		SOFTWARE\JavaSoft\Java Development Kit\1.8
Check launcher:	C:\Program Files\Java\jdk1.8.0_20\jre\bin\javaw.exe (OK)
Match:		1.8
Check:		SOFTWARE\JavaSoft\Java Development Kit\1.8.0_20
Check launcher:	C:\Program Files\Java\jdk1.8.0_20\jre\bin\javaw.exe (OK)
Match:		1.8.0_20
Runtime used:	1.8.0_20 (64-bit)
Launcher:	C:\Program Files\Java\jdk1.8.0_20\jre\bin\javaw.exe
Launcher args:	-jar "D:\Documents\‚±‚¤‚«\yk-lab\javascript-minify-compress\jsmc.exe"
Args length:	69/32768 chars
Exit code:	0
